2021-02-19 00:46:04 [scrapy.utils.log] INFO: Scrapy 2.4.1 started (bot: esfspider)
2021-02-19 00:46:04 [scrapy.utils.log] INFO: Versions: lxml 4.2.1.0, libxml2 2.9.8, cssselect 1.1.0, parsel 1.5.2, w3lib 1.21.0, Twisted 18.7.0, Python 3.6.5 |Anaconda, Inc.| (default, Mar 29 2018, 13:32:41) [MSC v.1900 64 bit (AMD64)], pyOpenSSL 18.0.0 (OpenSSL 1.0.2o  27 Mar 2018), cryptography 2.2.2, Platform Windows-10-10.0.19041-SP0
2021-02-19 00:46:04 [scrapy.crawler] INFO: Overridden settings:
{'BOT_NAME': 'esfspider',
 'CONCURRENT_REQUESTS': 32,
 'COOKIES_ENABLED': False,
 'DOWNLOAD_DELAY': 3,
 'FEED_EXPORT_ENCODING': 'utf-8',
 'LOG_FILE': '../log/INFO_2021_2_19.log',
 'LOG_LEVEL': 'INFO',
 'NEWSPIDER_MODULE': 'esfspider.spiders',
 'SPIDER_MODULES': ['esfspider.spiders']}
2021-02-19 00:46:04 [scrapy.extensions.telnet] INFO: Telnet Password: 7f56fdd0b6f167f4
2021-02-19 00:46:04 [scrapy.middleware] INFO: Enabled extensions:
['scrapy.extensions.corestats.CoreStats',
 'scrapy.extensions.telnet.TelnetConsole',
 'scrapy.extensions.logstats.LogStats']
2021-02-19 00:46:05 [scrapy.middleware] INFO: Enabled downloader middlewares:
['scrapy.downloadermiddlewares.httpauth.HttpAuthMiddleware',
 'scrapy.downloadermiddlewares.downloadtimeout.DownloadTimeoutMiddleware',
 'scrapy.downloadermiddlewares.defaultheaders.DefaultHeadersMiddleware',
 'scrapy.downloadermiddlewares.useragent.UserAgentMiddleware',
 'scrapy.downloadermiddlewares.retry.RetryMiddleware',
 'scrapy.downloadermiddlewares.redirect.MetaRefreshMiddleware',
 'scrapy.downloadermiddlewares.httpcompression.HttpCompressionMiddleware',
 'scrapy.downloadermiddlewares.redirect.RedirectMiddleware',
 'scrapy.downloadermiddlewares.httpproxy.HttpProxyMiddleware',
 'scrapy.downloadermiddlewares.stats.DownloaderStats']
2021-02-19 00:46:05 [scrapy.middleware] INFO: Enabled spider middlewares:
['scrapy.spidermiddlewares.httperror.HttpErrorMiddleware',
 'scrapy.spidermiddlewares.offsite.OffsiteMiddleware',
 'scrapy.spidermiddlewares.referer.RefererMiddleware',
 'scrapy.spidermiddlewares.urllength.UrlLengthMiddleware',
 'scrapy.spidermiddlewares.depth.DepthMiddleware']
2021-02-19 00:46:05 [scrapy.middleware] INFO: Enabled item pipelines:
[]
2021-02-19 00:46:05 [scrapy.core.engine] INFO: Spider opened
2021-02-19 00:46:05 [scrapy.extensions.logstats] INFO: Crawled 0 pages (at 0 pages/min), scraped 0 items (at 0 items/min)
2021-02-19 00:46:05 [scrapy.extensions.telnet] INFO: Telnet console listening on 127.0.0.1:6023
2021-02-19 00:47:05 [scrapy.extensions.logstats] INFO: Crawled 16 pages (at 16 pages/min), scraped 0 items (at 0 items/min)
2021-02-19 00:47:07 [scrapy.core.engine] INFO: Closing spider (finished)
2021-02-19 00:47:07 [scrapy.statscollectors] INFO: Dumping Scrapy stats:
{'downloader/request_bytes': 7598,
 'downloader/request_count': 17,
 'downloader/request_method_count/GET': 17,
 'downloader/response_bytes': 445020,
 'downloader/response_count': 17,
 'downloader/response_status_count/200': 17,
 'elapsed_time_seconds': 62.174491,
 'finish_reason': 'finished',
 'finish_time': datetime.datetime(2021, 2, 18, 16, 47, 7, 179623),
 'log_count/INFO': 11,
 'offsite/domains': 1,
 'offsite/filtered': 279,
 'request_depth_max': 1,
 'response_received_count': 17,
 'scheduler/dequeued': 17,
 'scheduler/dequeued/memory': 17,
 'scheduler/enqueued': 17,
 'scheduler/enqueued/memory': 17,
 'start_time': datetime.datetime(2021, 2, 18, 16, 46, 5, 5132)}
2021-02-19 00:47:07 [scrapy.core.engine] INFO: Spider closed (finished)
2021-02-19 00:49:34 [scrapy.utils.log] INFO: Scrapy 2.4.1 started (bot: esfspider)
2021-02-19 00:49:34 [scrapy.utils.log] INFO: Versions: lxml 4.2.1.0, libxml2 2.9.8, cssselect 1.1.0, parsel 1.5.2, w3lib 1.21.0, Twisted 18.7.0, Python 3.6.5 |Anaconda, Inc.| (default, Mar 29 2018, 13:32:41) [MSC v.1900 64 bit (AMD64)], pyOpenSSL 18.0.0 (OpenSSL 1.0.2o  27 Mar 2018), cryptography 2.2.2, Platform Windows-10-10.0.19041-SP0
2021-02-19 00:49:34 [scrapy.crawler] INFO: Overridden settings:
{'BOT_NAME': 'esfspider',
 'CONCURRENT_REQUESTS': 32,
 'COOKIES_ENABLED': False,
 'DOWNLOAD_DELAY': 3,
 'FEED_EXPORT_ENCODING': 'utf-8',
 'LOG_FILE': '../log/INFO_2021_2_19.log',
 'LOG_LEVEL': 'INFO',
 'NEWSPIDER_MODULE': 'esfspider.spiders',
 'SPIDER_MODULES': ['esfspider.spiders']}
2021-02-19 00:49:34 [scrapy.extensions.telnet] INFO: Telnet Password: 0b1abd19bec306f5
2021-02-19 00:49:34 [scrapy.middleware] INFO: Enabled extensions:
['scrapy.extensions.corestats.CoreStats',
 'scrapy.extensions.telnet.TelnetConsole',
 'scrapy.extensions.logstats.LogStats']
2021-02-19 00:49:34 [scrapy.middleware] INFO: Enabled downloader middlewares:
['scrapy.downloadermiddlewares.httpauth.HttpAuthMiddleware',
 'scrapy.downloadermiddlewares.downloadtimeout.DownloadTimeoutMiddleware',
 'scrapy.downloadermiddlewares.defaultheaders.DefaultHeadersMiddleware',
 'scrapy.downloadermiddlewares.useragent.UserAgentMiddleware',
 'scrapy.downloadermiddlewares.retry.RetryMiddleware',
 'scrapy.downloadermiddlewares.redirect.MetaRefreshMiddleware',
 'scrapy.downloadermiddlewares.httpcompression.HttpCompressionMiddleware',
 'scrapy.downloadermiddlewares.redirect.RedirectMiddleware',
 'scrapy.downloadermiddlewares.httpproxy.HttpProxyMiddleware',
 'scrapy.downloadermiddlewares.stats.DownloaderStats']
2021-02-19 00:49:34 [scrapy.middleware] INFO: Enabled spider middlewares:
['scrapy.spidermiddlewares.httperror.HttpErrorMiddleware',
 'scrapy.spidermiddlewares.offsite.OffsiteMiddleware',
 'scrapy.spidermiddlewares.referer.RefererMiddleware',
 'scrapy.spidermiddlewares.urllength.UrlLengthMiddleware',
 'scrapy.spidermiddlewares.depth.DepthMiddleware']
2021-02-19 00:49:34 [scrapy.middleware] INFO: Enabled item pipelines:
[]
2021-02-19 00:49:34 [scrapy.core.engine] INFO: Spider opened
2021-02-19 00:49:34 [scrapy.extensions.logstats] INFO: Crawled 0 pages (at 0 pages/min), scraped 0 items (at 0 items/min)
2021-02-19 00:49:34 [scrapy.extensions.telnet] INFO: Telnet console listening on 127.0.0.1:6023
2021-02-19 00:52:12 [scrapy.utils.log] INFO: Scrapy 2.4.1 started (bot: esfspider)
2021-02-19 00:52:12 [scrapy.utils.log] INFO: Versions: lxml 4.2.1.0, libxml2 2.9.8, cssselect 1.1.0, parsel 1.5.2, w3lib 1.21.0, Twisted 18.7.0, Python 3.6.5 |Anaconda, Inc.| (default, Mar 29 2018, 13:32:41) [MSC v.1900 64 bit (AMD64)], pyOpenSSL 18.0.0 (OpenSSL 1.0.2o  27 Mar 2018), cryptography 2.2.2, Platform Windows-10-10.0.19041-SP0
2021-02-19 00:52:12 [scrapy.crawler] INFO: Overridden settings:
{'BOT_NAME': 'esfspider',
 'CONCURRENT_REQUESTS': 32,
 'COOKIES_ENABLED': False,
 'DOWNLOAD_DELAY': 3,
 'FEED_EXPORT_ENCODING': 'utf-8',
 'LOG_FILE': '../log/INFO_2021_2_19.log',
 'LOG_LEVEL': 'INFO',
 'NEWSPIDER_MODULE': 'esfspider.spiders',
 'SPIDER_MODULES': ['esfspider.spiders']}
2021-02-19 00:52:12 [scrapy.extensions.telnet] INFO: Telnet Password: 1da02181039205f3
2021-02-19 00:52:12 [scrapy.middleware] INFO: Enabled extensions:
['scrapy.extensions.corestats.CoreStats',
 'scrapy.extensions.telnet.TelnetConsole',
 'scrapy.extensions.logstats.LogStats']
2021-02-19 00:52:12 [scrapy.middleware] INFO: Enabled downloader middlewares:
['scrapy.downloadermiddlewares.httpauth.HttpAuthMiddleware',
 'scrapy.downloadermiddlewares.downloadtimeout.DownloadTimeoutMiddleware',
 'scrapy.downloadermiddlewares.defaultheaders.DefaultHeadersMiddleware',
 'scrapy.downloadermiddlewares.useragent.UserAgentMiddleware',
 'scrapy.downloadermiddlewares.retry.RetryMiddleware',
 'scrapy.downloadermiddlewares.redirect.MetaRefreshMiddleware',
 'scrapy.downloadermiddlewares.httpcompression.HttpCompressionMiddleware',
 'scrapy.downloadermiddlewares.redirect.RedirectMiddleware',
 'scrapy.downloadermiddlewares.httpproxy.HttpProxyMiddleware',
 'scrapy.downloadermiddlewares.stats.DownloaderStats']
2021-02-19 00:52:12 [scrapy.middleware] INFO: Enabled spider middlewares:
['scrapy.spidermiddlewares.httperror.HttpErrorMiddleware',
 'scrapy.spidermiddlewares.offsite.OffsiteMiddleware',
 'scrapy.spidermiddlewares.referer.RefererMiddleware',
 'scrapy.spidermiddlewares.urllength.UrlLengthMiddleware',
 'scrapy.spidermiddlewares.depth.DepthMiddleware']
2021-02-19 00:52:12 [scrapy.middleware] INFO: Enabled item pipelines:
[]
2021-02-19 00:52:12 [scrapy.core.engine] INFO: Spider opened
2021-02-19 00:52:12 [scrapy.extensions.logstats] INFO: Crawled 0 pages (at 0 pages/min), scraped 0 items (at 0 items/min)
2021-02-19 00:52:12 [scrapy.extensions.telnet] INFO: Telnet console listening on 127.0.0.1:6023
2021-02-19 09:55:45 [scrapy.utils.log] INFO: Scrapy 2.4.1 started (bot: esfspider)
2021-02-19 09:55:45 [scrapy.utils.log] INFO: Versions: lxml 4.2.1.0, libxml2 2.9.8, cssselect 1.1.0, parsel 1.5.2, w3lib 1.21.0, Twisted 18.7.0, Python 3.6.5 |Anaconda, Inc.| (default, Mar 29 2018, 13:32:41) [MSC v.1900 64 bit (AMD64)], pyOpenSSL 18.0.0 (OpenSSL 1.0.2o  27 Mar 2018), cryptography 2.2.2, Platform Windows-10-10.0.19041-SP0
2021-02-19 09:55:45 [scrapy.crawler] INFO: Overridden settings:
{'BOT_NAME': 'esfspider',
 'CONCURRENT_REQUESTS': 32,
 'COOKIES_ENABLED': False,
 'DOWNLOAD_DELAY': 3,
 'FEED_EXPORT_ENCODING': 'utf-8',
 'LOG_FILE': '../log/INFO_2021_2_19.log',
 'LOG_LEVEL': 'INFO',
 'NEWSPIDER_MODULE': 'esfspider.spiders',
 'SPIDER_MODULES': ['esfspider.spiders']}
2021-02-19 09:55:45 [scrapy.extensions.telnet] INFO: Telnet Password: 0f2613b62a67b21b
2021-02-19 09:55:45 [scrapy.middleware] INFO: Enabled extensions:
['scrapy.extensions.corestats.CoreStats',
 'scrapy.extensions.telnet.TelnetConsole',
 'scrapy.extensions.logstats.LogStats']
2021-02-19 09:55:46 [scrapy.middleware] INFO: Enabled downloader middlewares:
['scrapy.downloadermiddlewares.httpauth.HttpAuthMiddleware',
 'scrapy.downloadermiddlewares.downloadtimeout.DownloadTimeoutMiddleware',
 'scrapy.downloadermiddlewares.defaultheaders.DefaultHeadersMiddleware',
 'scrapy.downloadermiddlewares.useragent.UserAgentMiddleware',
 'scrapy.downloadermiddlewares.retry.RetryMiddleware',
 'scrapy.downloadermiddlewares.redirect.MetaRefreshMiddleware',
 'scrapy.downloadermiddlewares.httpcompression.HttpCompressionMiddleware',
 'scrapy.downloadermiddlewares.redirect.RedirectMiddleware',
 'scrapy.downloadermiddlewares.httpproxy.HttpProxyMiddleware',
 'scrapy.downloadermiddlewares.stats.DownloaderStats']
2021-02-19 09:55:46 [scrapy.middleware] INFO: Enabled spider middlewares:
['scrapy.spidermiddlewares.httperror.HttpErrorMiddleware',
 'scrapy.spidermiddlewares.offsite.OffsiteMiddleware',
 'scrapy.spidermiddlewares.referer.RefererMiddleware',
 'scrapy.spidermiddlewares.urllength.UrlLengthMiddleware',
 'scrapy.spidermiddlewares.depth.DepthMiddleware']
2021-02-19 09:55:46 [scrapy.middleware] INFO: Enabled item pipelines:
[]
2021-02-19 09:55:46 [scrapy.core.engine] INFO: Spider opened
2021-02-19 09:55:46 [scrapy.extensions.logstats] INFO: Crawled 0 pages (at 0 pages/min), scraped 0 items (at 0 items/min)
2021-02-19 09:55:46 [scrapy.extensions.telnet] INFO: Telnet console listening on 127.0.0.1:6023
